<?xml version="1.0" encoding="UTF-8"?>
<testsuite xmlns:xsi="http://www.w3.org/2001/XMLSchema-instance" xsi:noNamespaceSchemaLocation="https://maven.apache.org/surefire/maven-surefire-plugin/xsd/surefire-test-report.xsd" version="3.0.2" name="com.sondevnguyen.springmicroservices.SpringMicroservicesApplicationTests" time="15.728" tests="1" errors="0" skipped="0" failures="0">
  <properties>
[...]
</properties>
  <testcase name="shouldCreteProduct" classname="com.sondevnguyen.springmicroservices.SpringMicroservicesApplicationTests" time="2.383">
    <system-out><![CDATA[21:29:15.530 [main] INFO org.springframework.test.context.support.AnnotationConfigContextLoaderUtils -- Could not detect default configuration classes for test class [com.sondevnguyen.springmicroservices.SpringMicroservicesApplicationTests]: SpringMicroservicesApplicationTests does not declare any static, non-private, non-final, nested classes annotated with @Configuration.
21:29:15.816 [main] INFO org.springframework.boot.test.context.SpringBootTestContextBootstrapper -- Found @SpringBootConfiguration com.sondevnguyen.springmicroservices.SpringMicroservicesApplication for test class com.sondevnguyen.springmicroservices.SpringMicroservicesApplicationTests
21:29:16.220 [main] INFO org.testcontainers.images.PullPolicy -- Image pull policy will be performed by: DefaultPullPolicy()
21:29:16.227 [main] INFO org.testcontainers.utility.ImageNameSubstitutor -- Image name substitution will be performed by: DefaultImageNameSubstitutor (composite of 'ConfigurationFileImageNameSubstitutor' and 'PrefixingImageNameSubstitutor')
21:29:16.377 [main] INFO org.testcontainers.DockerClientFactory -- Testcontainers version: 1.20.4
21:29:16.802 [main] INFO org.testcontainers.dockerclient.DockerClientProviderStrategy -- Loaded org.testcontainers.dockerclient.NpipeSocketClientProviderStrategy from ~/.testcontainers.properties, will try it first
21:29:17.828 [main] INFO org.testcontainers.dockerclient.DockerClientProviderStrategy -- Found Docker environment with local Npipe socket (npipe:////./pipe/docker_engine)
21:29:17.831 [main] INFO org.testcontainers.DockerClientFactory -- Docker host IP address is localhost
21:29:17.937 [main] INFO org.testcontainers.DockerClientFactory -- Connected to docker: 
  Server Version: 27.4.0
  API Version: 1.47
  Operating System: Docker Desktop
  Total Memory: 5888 MB
  Labels: 
    com.docker.desktop.address=npipe://\\.\pipe\docker_cli
21:29:18.127 [main] INFO tc.testcontainers/ryuk:0.11.0 -- Creating container for image: testcontainers/ryuk:0.11.0
21:29:18.548 [main] INFO org.testcontainers.utility.RegistryAuthLocator -- Credential helper/store (docker-credential-desktop) does not have credentials for https://index.docker.io/v1/
21:29:18.920 [main] INFO tc.testcontainers/ryuk:0.11.0 -- Container testcontainers/ryuk:0.11.0 is starting: d0fbd0ab5970060621ac06584e07f3115538b8f3fbd0797557aae1bb632888fe
21:29:19.920 [main] INFO tc.testcontainers/ryuk:0.11.0 -- Container testcontainers/ryuk:0.11.0 started in PT1.7923182S
21:29:19.932 [main] INFO org.testcontainers.utility.RyukResourceReaper -- Ryuk started - will monitor and terminate Testcontainers containers on JVM exit
21:29:19.932 [main] INFO org.testcontainers.DockerClientFactory -- Checking the system...
21:29:19.933 [main] INFO org.testcontainers.DockerClientFactory -- ?? Docker server version should be at least 1.6.0
21:29:19.936 [main] INFO tc.mongo:4.4.4 -- Creating container for image: mongo:4.4.4
21:29:20.140 [main] INFO tc.mongo:4.4.4 -- Container mongo:4.4.4 is starting: ccb71e208ad2a71c31ec4d67a17eadc4cdd06deff258c503d795169fa5afae3b
21:29:22.079 [main] INFO tc.mongo:4.4.4 -- Container mongo:4.4.4 started in PT2.1428469S

  .   ____          _            __ _ _
 /\\ / ___'_ __ _ _(_)_ __  __ _ \ \ \ \
( ( )\___ | '_ | '_| | '_ \/ _` | \ \ \ \
 \\/  ___)| |_)| | | | | || (_| |  ) ) ) )
  '  |____| .__|_| |_|_| |_\__, | / / / /
 =========|_|==============|___/=/_/_/_/

 :: Spring Boot ::                (v3.4.2)

2025-01-29T21:29:23.626+07:00  INFO 1944 --- [spring-microservices] [           main] .s.s.SpringMicroservicesApplicationTests : Starting SpringMicroservicesApplicationTests using Java 17.0.14 with PID 1944 (started by Prokieumoi310 in D:\ideaProjects\microservices-new\product-service)
2025-01-29T21:29:23.628+07:00  INFO 1944 --- [spring-microservices] [           main] .s.s.SpringMicroservicesApplicationTests : No active profile set, falling back to 1 default profile: "default"
2025-01-29T21:29:24.908+07:00  INFO 1944 --- [spring-microservices] [           main] .s.d.r.c.RepositoryConfigurationDelegate : Bootstrapping Spring Data MongoDB repositories in DEFAULT mode.
2025-01-29T21:29:25.029+07:00  INFO 1944 --- [spring-microservices] [           main] .s.d.r.c.RepositoryConfigurationDelegate : Finished Spring Data repository scanning in 109 ms. Found 1 MongoDB repository interface.
2025-01-29T21:29:26.007+07:00  INFO 1944 --- [spring-microservices] [           main] org.mongodb.driver.client                : MongoClient with metadata {"driver": {"name": "mongo-java-driver|sync|spring-boot", "version": "5.2.1"}, "os": {"type": "Windows", "name": "Windows 10", "architecture": "amd64", "version": "10.0"}, "platform": "Java/Amazon.com Inc./17.0.14+7-LTS"} created with settings MongoClientSettings{readPreference=primary, writeConcern=WriteConcern{w=null, wTimeout=null ms, journal=null}, retryWrites=true, retryReads=true, readConcern=ReadConcern{level=null}, credential=null, transportSettings=null, commandListeners=[], codecRegistry=ProvidersCodecRegistry{codecProviders=[ValueCodecProvider{}, BsonValueCodecProvider{}, DBRefCodecProvider{}, DBObjectCodecProvider{}, DocumentCodecProvider{}, CollectionCodecProvider{}, IterableCodecProvider{}, MapCodecProvider{}, GeoJsonCodecProvider{}, GridFSFileCodecProvider{}, Jsr310CodecProvider{}, JsonObjectCodecProvider{}, BsonCodecProvider{}, EnumCodecProvider{}, com.mongodb.client.model.mql.ExpressionCodecProvider@78318ac2, com.mongodb.Jep395RecordCodecProvider@77ce88c4, com.mongodb.KotlinCodecProvider@11abd6c]}, loggerSettings=LoggerSettings{maxDocumentLength=1000}, clusterSettings={hosts=[localhost:54065], srvServiceName=mongodb, mode=SINGLE, requiredClusterType=UNKNOWN, requiredReplicaSetName='null', serverSelector='null', clusterListeners='[]', serverSelectionTimeout='30000 ms', localThreshold='15 ms'}, socketSettings=SocketSettings{connectTimeoutMS=10000, readTimeoutMS=0, receiveBufferSize=0, proxySettings=ProxySettings{host=null, port=null, username=null, password=null}}, heartbeatSocketSettings=SocketSettings{connectTimeoutMS=10000, readTimeoutMS=10000, receiveBufferSize=0, proxySettings=ProxySettings{host=null, port=null, username=null, password=null}}, connectionPoolSettings=ConnectionPoolSettings{maxSize=100, minSize=0, maxWaitTimeMS=120000, maxConnectionLifeTimeMS=0, maxConnectionIdleTimeMS=0, maintenanceInitialDelayMS=0, maintenanceFrequencyMS=60000, connectionPoolListeners=[], maxConnecting=2}, serverSettings=ServerSettings{heartbeatFrequencyMS=10000, minHeartbeatFrequencyMS=500, serverMonitoringMode=AUTO, serverListeners='[]', serverMonitorListeners='[]'}, sslSettings=SslSettings{enabled=false, invalidHostNameAllowed=false, context=null}, applicationName='null', compressorList=[], uuidRepresentation=JAVA_LEGACY, serverApi=null, autoEncryptionSettings=null, dnsClient=null, inetAddressResolver=null, contextProvider=null, timeoutMS=null}
2025-01-29T21:29:26.048+07:00  INFO 1944 --- [spring-microservices] [localhost:54065] org.mongodb.driver.cluster               : Monitor thread successfully connected to server with description ServerDescription{address=localhost:54065, type=REPLICA_SET_PRIMARY, cryptd=false, state=CONNECTED, ok=true, minWireVersion=0, maxWireVersion=9, maxDocumentSize=16777216, logicalSessionTimeoutMinutes=30, roundTripTimeNanos=71018600, minRoundTripTimeNanos=0, setName='docker-rs', canonicalAddress=ccb71e208ad2:27017, hosts=[ccb71e208ad2:27017], passives=[], arbiters=[], primary='ccb71e208ad2:27017', tagSet=TagSet{[]}, electionId=7fffffff0000000000000001, setVersion=1, topologyVersion=TopologyVersion{processId=679a3b41ba6e34ddef436af7, counter=6}, lastWriteDate=Wed Jan 29 21:29:22 ICT 2025, lastUpdateTimeNanos=3798770861000}
2025-01-29T21:29:27.569+07:00  INFO 1944 --- [spring-microservices] [           main] o.s.b.t.m.w.SpringBootMockServletContext : Initializing Spring TestDispatcherServlet ''
2025-01-29T21:29:27.569+07:00  INFO 1944 --- [spring-microservices] [           main] o.s.t.web.servlet.TestDispatcherServlet  : Initializing Servlet ''
2025-01-29T21:29:27.574+07:00  INFO 1944 --- [spring-microservices] [           main] o.s.t.web.servlet.TestDispatcherServlet  : Completed initialization in 2 ms
2025-01-29T21:29:27.629+07:00  INFO 1944 --- [spring-microservices] [           main] .s.s.SpringMicroservicesApplicationTests : Started SpringMicroservicesApplicationTests in 4.603 seconds (process running for 14.092)
2025-01-29T21:29:29.951+07:00  INFO 1944 --- [spring-microservices] [           main] c.s.s.service.impl.ProductServiceImpl    : Product created: id - 679a3b49fef9b17e3a1c8ec7
]]></system-out>
  </testcase>
</testsuite>